0 info it worked if it ends with ok
1 verbose cli [ 'c:\\Program Files\\nodejs\\node.exe',
1 verbose cli   'c:\\Program Files\\nodejs\\node_modules\\npm\\bin\\npm-cli.js',
1 verbose cli   'run',
1 verbose cli   'coveralls' ]
2 info using npm@2.14.2
3 info using node@v4.0.0
4 verbose stack Error: missing script: coveralls
4 verbose stack     at run (c:\Program Files\nodejs\node_modules\npm\lib\run-script.js:142:19)
4 verbose stack     at c:\Program Files\nodejs\node_modules\npm\lib\run-script.js:58:5
4 verbose stack     at c:\Program Files\nodejs\node_modules\npm\node_modules\read-package-json\read-json.js:345:5
4 verbose stack     at checkBinReferences_ (c:\Program Files\nodejs\node_modules\npm\node_modules\read-package-json\read-json.js:309:45)
4 verbose stack     at final (c:\Program Files\nodejs\node_modules\npm\node_modules\read-package-json\read-json.js:343:3)
4 verbose stack     at then (c:\Program Files\nodejs\node_modules\npm\node_modules\read-package-json\read-json.js:113:5)
4 verbose stack     at c:\Program Files\nodejs\node_modules\npm\node_modules\read-package-json\read-json.js:300:12
4 verbose stack     at FSReqWrap.readFileAfterClose [as oncomplete] (evalmachine.<anonymous>:380:3)
5 verbose cwd d:\dev\htmlgames\gtp
6 error Windows_NT 10.0.10586
7 error argv "c:\\Program Files\\nodejs\\node.exe" "c:\\Program Files\\nodejs\\node_modules\\npm\\bin\\npm-cli.js" "run" "coveralls"
8 error node v4.0.0
9 error npm  v2.14.2
10 error missing script: coveralls
11 error If you need help, you may report this error at:
11 error     <https://github.com/npm/npm/issues>
12 verbose exit [ 1, true ]
